<?xml version="1.0" encoding="UTF-8"?>
<!-- Generated by org.testng.reporters.JUnitXMLReporter -->
<testsuite hostname="psanchez" ignored="1" name="Default test" tests="1" failures="0" timestamp="2020-10-24T13:55:00 CDT" time="0.032" errors="0">
  <testcase name="testCalcOne" time="0.005" classname="oracle.java.erpsol.com.esb.report.quality.certificate.TestGeneratePDF"/>
  <testcase name="testCalcTwo" time="0.0" classname="oracle.java.erpsol.com.esb.report.quality.certificate.TestGeneratePDF">
    <ignored/>
  </testcase> <!-- testCalcTwo -->
</testsuite> <!-- Default test -->
