<?xml version="1.0" encoding="UTF-8"?>
<testng-results skipped="0" failed="0" ignored="1" total="2" passed="1">
  <reporter-output>
  </reporter-output>
  <suite name="Default suite" duration-ms="32" started-at="2020-10-24T13:54:59 CDT" finished-at="2020-10-24T13:55:00 CDT">
    <groups>
    </groups>
    <test name="Default test" duration-ms="32" started-at="2020-10-24T13:54:59 CDT" finished-at="2020-10-24T13:55:00 CDT">
      <class name="oracle.java.erpsol.com.esb.report.quality.certificate.TestGeneratePDF">
        <test-method status="PASS" signature="setup()[pri:0, instance:oracle.java.erpsol.com.esb.report.quality.certificate.TestGeneratePDF@56ac5c80]" name="setup" is-config="true" duration-ms="9" started-at="2020-10-24T13:54:59 CDT" finished-at="2020-10-24T13:54:59 CDT">
          <reporter-output>
          </reporter-output>
        </test-method> <!-- setup -->
        <test-method status="PASS" signature="setupThis()[pri:0, instance:oracle.java.erpsol.com.esb.report.quality.certificate.TestGeneratePDF@56ac5c80]" name="setupThis" is-config="true" duration-ms="0" started-at="2020-10-24T13:54:59 CDT" finished-at="2020-10-24T13:54:59 CDT">
          <reporter-output>
          </reporter-output>
        </test-method> <!-- setupThis -->
        <test-method status="PASS" signature="testCalcOne()[pri:0, instance:oracle.java.erpsol.com.esb.report.quality.certificate.TestGeneratePDF@56ac5c80]" name="testCalcOne" duration-ms="5" started-at="2020-10-24T13:54:59 CDT" finished-at="2020-10-24T13:54:59 CDT">
          <reporter-output>
          </reporter-output>
        </test-method> <!-- testCalcOne -->
      </class> <!-- oracle.java.erpsol.com.esb.report.quality.certificate.TestGeneratePDF -->
    </test> <!-- Default test -->
  </suite> <!-- Default suite -->
</testng-results>
